[debug] [2020-12-22T01:45:21.988Z] ----------------------------------------------------------------------
[debug] [2020-12-22T01:45:21.989Z] Command:       /usr/local/bin/node /usr/local/bin/firebase init
[debug] [2020-12-22T01:45:21.990Z] CLI Version:   9.1.0
[debug] [2020-12-22T01:45:21.990Z] Platform:      linux
[debug] [2020-12-22T01:45:21.990Z] Node Version:  v14.13.1
[debug] [2020-12-22T01:45:21.990Z] Time:          Tue Dec 22 2020 02:45:21 GMT+0100 (Central European Standard Time)
[debug] [2020-12-22T01:45:21.990Z] ----------------------------------------------------------------------
[debug] [2020-12-22T01:45:21.990Z] 
[debug] [2020-12-22T01:45:21.994Z] > command requires scopes: ["email","openid","https://www.googleapis.com/auth/cloudplatformprojects.readonly","https://www.googleapis.com/auth/firebase","https://www.googleapis.com/auth/cloud-platform"]
[debug] [2020-12-22T01:45:21.994Z] > authorizing via signed-in user
[info] 
     ######## #### ########  ######## ########     ###     ######  ########
     ##        ##  ##     ## ##       ##     ##  ##   ##  ##       ##
     ######    ##  ########  ######   ########  #########  ######  ######
     ##        ##  ##    ##  ##       ##     ## ##     ##       ## ##
     ##       #### ##     ## ######## ########  ##     ##  ######  ########

You're about to initialize a Firebase project in this directory:

  /home/andy/dev/test/firebasetest

[info] 
=== Project Setup
[info] 
[info] First, let's associate this project directory with a Firebase project.
[info] You can create multiple project aliases by running firebase use --add, 
[info] but for now we'll just set up a default project.
[info] 
[debug] [2020-12-22T01:49:07.773Z] >>> HTTP REQUEST GET https://firebase.googleapis.com/v1beta1/projects?pageSize=100  
 
[debug] [2020-12-22T01:49:08.174Z] <<< HTTP RESPONSE 200 {"content-type":"application/json; charset=UTF-8","vary":"X-Origin, Referer, Origin,Accept-Encoding","date":"Tue, 22 Dec 2020 01:49:08 GMT","server":"ESF","cache-control":"private","x-xss-protection":"0","x-frame-options":"SAMEORIGIN","x-content-type-options":"nosniff","alt-svc":"h3-29=\":443\"; ma=2592000,h3-T051=\":443\"; ma=2592000,h3-Q050=\":443\"; ma=2592000,h3-Q046=\":443\"; ma=2592000,h3-Q043=\":443\"; ma=2592000,quic=\":443\"; ma=2592000; v=\"46,43\"","accept-ranges":"none","transfer-encoding":"chunked"}
[info] i  Using project andytest-ca4f8 (andytest) 
[info] 
=== Firestore Setup
[debug] [2020-12-22T01:49:09.611Z] >>> HTTP REQUEST GET https://serviceusage.googleapis.com/v1/projects/andytest-ca4f8/services/firestore.googleapis.com  
 
[debug] [2020-12-22T01:49:10.640Z] <<< HTTP RESPONSE 200 {"content-type":"application/json; charset=UTF-8","vary":"X-Origin, Referer, Origin,Accept-Encoding","date":"Tue, 22 Dec 2020 01:49:10 GMT","server":"ESF","cache-control":"private","x-xss-protection":"0","x-frame-options":"SAMEORIGIN","x-content-type-options":"nosniff","alt-svc":"h3-29=\":443\"; ma=2592000,h3-T051=\":443\"; ma=2592000,h3-Q050=\":443\"; ma=2592000,h3-Q046=\":443\"; ma=2592000,h3-Q043=\":443\"; ma=2592000,quic=\":443\"; ma=2592000; v=\"46,43\"","accept-ranges":"none","transfer-encoding":"chunked"}
[debug] [2020-12-22T01:49:10.642Z] >>> HTTP REQUEST GET https://appengine.googleapis.com/v1/apps/andytest-ca4f8  
 
[debug] [2020-12-22T01:49:11.036Z] <<< HTTP RESPONSE 200 {"content-type":"application/json; charset=UTF-8","vary":"X-Origin, Referer, Origin,Accept-Encoding","date":"Tue, 22 Dec 2020 01:49:10 GMT","server":"ESF","cache-control":"private","x-xss-protection":"0","x-frame-options":"SAMEORIGIN","x-content-type-options":"nosniff","alt-svc":"h3-29=\":443\"; ma=2592000,h3-T051=\":443\"; ma=2592000,h3-Q050=\":443\"; ma=2592000,h3-Q046=\":443\"; ma=2592000,h3-Q043=\":443\"; ma=2592000,quic=\":443\"; ma=2592000; v=\"46,43\"","accept-ranges":"none","transfer-encoding":"chunked"}
[debug] [2020-12-22T01:49:11.036Z] database_type: CLOUD_FIRESTORE
[debug] [2020-12-22T01:49:11.037Z] > command requires scopes: ["email","openid","https://www.googleapis.com/auth/cloudplatformprojects.readonly","https://www.googleapis.com/auth/firebase","https://www.googleapis.com/auth/cloud-platform"]
[debug] [2020-12-22T01:49:11.038Z] > authorizing via signed-in user
[debug] [2020-12-22T01:49:11.038Z] [iam] checking project andytest-ca4f8 for permissions ["firebase.projects.get"]
[debug] [2020-12-22T01:49:11.039Z] >>> HTTP REQUEST POST https://cloudresourcemanager.googleapis.com/v1/projects/andytest-ca4f8:testIamPermissions  
 {"permissions":["firebase.projects.get"]}
[debug] [2020-12-22T01:49:11.880Z] <<< HTTP RESPONSE 200 {"content-type":"application/json; charset=UTF-8","vary":"X-Origin, Referer, Origin,Accept-Encoding","date":"Tue, 22 Dec 2020 01:49:11 GMT","server":"ESF","cache-control":"private","x-xss-protection":"0","x-frame-options":"SAMEORIGIN","x-content-type-options":"nosniff","server-timing":"gfet4t7; dur=772","alt-svc":"h3-29=\":443\"; ma=2592000,h3-T051=\":443\"; ma=2592000,h3-Q050=\":443\"; ma=2592000,h3-Q046=\":443\"; ma=2592000,h3-Q043=\":443\"; ma=2592000,quic=\":443\"; ma=2592000; v=\"46,43\"","accept-ranges":"none","transfer-encoding":"chunked"}
[info] 
[info] Firestore Security Rules allow you to define how and when to allow
[info] requests. You can keep these rules in your project directory
[info] and publish them with firebase deploy.
[info] 
[debug] [2020-12-22T01:53:56.203Z] >>> HTTP REQUEST GET https://firebaserules.googleapis.com/v1/projects/andytest-ca4f8/releases?pageSize=10&pageToken=  
 
[debug] [2020-12-22T01:53:57.351Z] <<< HTTP RESPONSE 200 {"content-type":"application/json; charset=UTF-8","vary":"X-Origin, Referer, Origin,Accept-Encoding","date":"Tue, 22 Dec 2020 01:53:57 GMT","server":"ESF","cache-control":"private","x-xss-protection":"0","x-frame-options":"SAMEORIGIN","x-content-type-options":"nosniff","alt-svc":"h3-29=\":443\"; ma=2592000,h3-T051=\":443\"; ma=2592000,h3-Q050=\":443\"; ma=2592000,h3-Q046=\":443\"; ma=2592000,h3-Q043=\":443\"; ma=2592000,quic=\":443\"; ma=2592000; v=\"46,43\"","accept-ranges":"none","transfer-encoding":"chunked"}
[debug] [2020-12-22T01:53:57.353Z] Found ruleset: projects/andytest-ca4f8/rulesets/4d7d10eb-5a0e-46c5-b951-777ceeac4875
[debug] [2020-12-22T01:53:57.353Z] >>> HTTP REQUEST GET https://firebaserules.googleapis.com/v1/projects/andytest-ca4f8/rulesets/4d7d10eb-5a0e-46c5-b951-777ceeac4875  
 
[debug] [2020-12-22T01:53:58.272Z] <<< HTTP RESPONSE 200 {"content-type":"application/json; charset=UTF-8","vary":"X-Origin, Referer, Origin,Accept-Encoding","date":"Tue, 22 Dec 2020 01:53:58 GMT","server":"ESF","cache-control":"private","x-xss-protection":"0","x-frame-options":"SAMEORIGIN","x-content-type-options":"nosniff","alt-svc":"h3-29=\":443\"; ma=2592000,h3-T051=\":443\"; ma=2592000,h3-Q050=\":443\"; ma=2592000,h3-Q046=\":443\"; ma=2592000,h3-Q043=\":443\"; ma=2592000,quic=\":443\"; ma=2592000; v=\"46,43\"","accept-ranges":"none","transfer-encoding":"chunked"}
[info] 
[info] Firestore indexes allow you to perform complex queries while
[info] maintaining performance that scales with the size of the result
[info] set. You can keep index definitions in your project directory
[info] and publish them with firebase deploy.
[info] 
[debug] [2020-12-22T01:54:13.579Z] >>> HTTP REQUEST GET https://firestore.googleapis.com/v1/projects/andytest-ca4f8/databases/(default)/collectionGroups/-/indexes  
 
[debug] [2020-12-22T01:54:13.580Z] >>> HTTP REQUEST GET https://firestore.googleapis.com/v1/projects/andytest-ca4f8/databases/(default)/collectionGroups/-/fields?filter=indexConfig.usesAncestorConfig=false  
 
[debug] [2020-12-22T01:54:14.349Z] <<< HTTP RESPONSE 200 {"content-type":"application/json; charset=UTF-8","vary":"X-Origin, Referer, Origin,Accept-Encoding","date":"Tue, 22 Dec 2020 01:54:14 GMT","server":"ESF","cache-control":"private","x-xss-protection":"0","x-frame-options":"SAMEORIGIN","x-content-type-options":"nosniff","alt-svc":"h3-29=\":443\"; ma=2592000,h3-T051=\":443\"; ma=2592000,h3-Q050=\":443\"; ma=2592000,h3-Q046=\":443\"; ma=2592000,h3-Q043=\":443\"; ma=2592000,quic=\":443\"; ma=2592000; v=\"46,43\"","accept-ranges":"none","transfer-encoding":"chunked"}
[debug] [2020-12-22T01:54:14.351Z] <<< HTTP RESPONSE 200 {"content-type":"application/json; charset=UTF-8","vary":"X-Origin, Referer, Origin,Accept-Encoding","date":"Tue, 22 Dec 2020 01:54:14 GMT","server":"ESF","cache-control":"private","x-xss-protection":"0","x-frame-options":"SAMEORIGIN","x-content-type-options":"nosniff","alt-svc":"h3-29=\":443\"; ma=2592000,h3-T051=\":443\"; ma=2592000,h3-Q050=\":443\"; ma=2592000,h3-Q046=\":443\"; ma=2592000,h3-Q043=\":443\"; ma=2592000,quic=\":443\"; ma=2592000; v=\"46,43\"","accept-ranges":"none","transfer-encoding":"chunked"}
[info] 
=== Hosting Setup
[info] 
[info] Your public directory is the folder (relative to your project directory) that
[info] will contain Hosting assets to be uploaded with firebase deploy. If you
[info] have a build process for your assets, use your build's output directory.
[info] 
[info] ✔  Wrote build/404.html 
[debug] [2020-12-22T01:58:02.067Z] >>> [apiv2][query] GET https://www.gstatic.com/firebasejs/releases.json [none]
[debug] [2020-12-22T01:58:02.158Z] <<< [apiv2][status] GET https://www.gstatic.com/firebasejs/releases.json 200
[debug] [2020-12-22T01:58:02.159Z] <<< [apiv2][body] GET https://www.gstatic.com/firebasejs/releases.json {"current":{"version":"8.2.1","browserURL":"https://www.gstatic.com/firebasejs/8.2.1/firebase.js","packageURL":"https://www.gstatic.com/firebasejs/8.2.1/firebase.tgz"},"live":{"version":"8.2","browserURL":"https://www.gstatic.com/firebasejs/live/8.2/firebase.js","packageURL":"https://www.gstatic.com/firebasejs/live/8.2/firebase.tgz"},"components":{"analytics":"https://www.gstatic.com/firebasejs/8.2.1/firebase-analytics.js","app":"https://www.gstatic.com/firebasejs/8.2.1/firebase-app.js","auth":"https://www.gstatic.com/firebasejs/8.2.1/firebase-auth.js","database":"https://www.gstatic.com/firebasejs/8.2.1/firebase-database.js","firestore":"https://www.gstatic.com/firebasejs/8.2.1/firebase-firestore.js","functions":"https://www.gstatic.com/firebasejs/8.2.1/firebase-functions.js","installations":"https://www.gstatic.com/firebasejs/8.2.1/firebase-installations.js","messaging":"https://www.gstatic.com/firebasejs/8.2.1/firebase-messaging.js","storage":"https://www.gstatic.com/firebasejs/8.2.1/firebase-storage.js","performance":"https://www.gstatic.com/firebasejs/8.2.1/firebase-performance.js","remote-config":"https://www.gstatic.com/firebasejs/8.2.1/firebase-remote-config.js","firestore.memory":"https://www.gstatic.com/firebasejs/8.2.1/firebase-firestore.memory.js"}}
[info] ✔  Wrote build/index.html 
[info] 
[info] i  Detected a .git folder at /home/andy/dev/test/firebasetest 
[info] i  Authorizing with GitHub to upload your service account to a GitHub repository's secrets store. 
[info] 
[info] Visit this URL on this device to log in:
[info] https://github.com/login/oauth/authorize?client_id=89cf50f02ac6aaed3484&state=240750754&redirect_uri=http%3A%2F%2Flocalhost%3A9005&scope=read%3Auser%20repo%20public_repo
[info] 
[info] Waiting for authentication...
[debug] [2020-12-22T02:00:31.450Z] >>> HTTP REQUEST POST https://github.com/login/oauth/access_token  
 {"client_id":"89cf50f02ac6aaed3484","client_secret":"3330d14abc895d9a74d5f17cd7a00711fa2c5bf0","code":"633ecc3c51003e7b9bfd","redirect_uri":"http://localhost:9005","state":"240750754"}
[debug] [2020-12-22T02:00:31.725Z] <<< HTTP RESPONSE 200 {"date":"Tue, 22 Dec 2020 02:00:31 GMT","content-type":"application/json; charset=utf-8","transfer-encoding":"chunked","server":"GitHub.com","status":"200 OK","vary":"X-PJAX, Accept-Encoding, Accept, X-Requested-With, Accept-Encoding","etag":"W/\"778607b2a603964caa2cee17c6268d52\"","cache-control":"max-age=0, private, must-revalidate","strict-transport-security":"max-age=31536000; includeSubdomains; preload","x-frame-options":"deny","x-content-type-options":"nosniff","x-xss-protection":"1; mode=block","referrer-policy":"origin-when-cross-origin, strict-origin-when-cross-origin","expect-ct":"max-age=2592000, report-uri=\"https://api.github.com/_private/browser/errors\"","content-security-policy":"default-src 'none'; base-uri 'self'; block-all-mixed-content; connect-src 'self' uploads.github.com www.githubstatus.com collector.githubapp.com api.github.com github-cloud.s3.amazonaws.com github-production-repository-file-5c1aeb.s3.amazonaws.com github-production-upload-manifest-file-7fdce7.s3.amazonaws.com github-production-user-asset-6210df.s3.amazonaws.com cdn.optimizely.com logx.optimizely.com/v1/events wss://alive.github.com; font-src github.githubassets.com; form-action 'self' github.com gist.github.com; frame-ancestors 'none'; frame-src render.githubusercontent.com; img-src 'self' data: github.githubassets.com identicons.github.com collector.githubapp.com github-cloud.s3.amazonaws.com *.githubusercontent.com; manifest-src 'self'; media-src 'none'; script-src github.githubassets.com; style-src 'unsafe-inline' github.githubassets.com; worker-src github.com/socket-worker-5029ae85.js gist.github.com/socket-worker-5029ae85.js","x-github-request-id":"A830:5043:55B2C66:7B199B1:5FE1533F"}
[debug] [2020-12-22T02:00:31.726Z] >>> [apiv2][query] GET https://api.github.com/user [none]
[debug] [2020-12-22T02:00:32.214Z] <<< [apiv2][status] GET https://api.github.com/user 200
[debug] [2020-12-22T02:00:32.214Z] <<< [apiv2][body] GET https://api.github.com/user {"login":"Andersgee","id":10139755,"node_id":"MDQ6VXNlcjEwMTM5NzU1","avatar_url":"https://avatars2.githubusercontent.com/u/10139755?v=4","gravatar_id":"","url":"https://api.github.com/users/Andersgee","html_url":"https://github.com/Andersgee","followers_url":"https://api.github.com/users/Andersgee/followers","following_url":"https://api.github.com/users/Andersgee/following{/other_user}","gists_url":"https://api.github.com/users/Andersgee/gists{/gist_id}","starred_url":"https://api.github.com/users/Andersgee/starred{/owner}{/repo}","subscriptions_url":"https://api.github.com/users/Andersgee/subscriptions","organizations_url":"https://api.github.com/users/Andersgee/orgs","repos_url":"https://api.github.com/users/Andersgee/repos","events_url":"https://api.github.com/users/Andersgee/events{/privacy}","received_events_url":"https://api.github.com/users/Andersgee/received_events","type":"User","site_admin":false,"name":null,"company":null,"blog":"https://andersgee.github.io/","location":null,"email":"andersgee@gmail.com","hireable":null,"bio":null,"twitter_username":null,"public_repos":27,"public_gists":0,"followers":1,"following":3,"created_at":"2014-12-10T08:22:51Z","updated_at":"2020-12-22T02:00:31Z","private_gists":0,"total_private_repos":0,"owned_private_repos":0,"disk_usage":200765,"collaborators":0,"two_factor_authentication":true,"plan":{"name":"free","space":976562499,"collaborators":0,"private_repos":10000}}
[info] 
[info] ✔  Success! Logged into GitHub as Andersgee 
[info] 
[debug] [2020-12-22T02:01:35.225Z] >>> [apiv2][query] GET https://api.github.com/repos/andersgee/firebasetest/actions/secrets/public-key type=owner
[debug] [2020-12-22T02:01:35.699Z] <<< [apiv2][status] GET https://api.github.com/repos/andersgee/firebasetest/actions/secrets/public-key 404
[debug] [2020-12-22T02:01:35.700Z] <<< [apiv2][body] GET https://api.github.com/repos/andersgee/firebasetest/actions/secrets/public-key {"message":"Not Found","documentation_url":"https://docs.github.com/rest/reference/actions#get-a-repository-public-key"}
